This file contains any messages produced by compilers while
running configure, to aid debugging if configure makes a mistake.

It was created by configure, which was
generated by GNU Autoconf 2.57.  Invocation command line was

  $ ./configure --target=mips-linux --host=mips-linux --build=i386-redhat-linux --program-prefix= --program-suffix= --prefix=/usr --exec-prefix=/usr --bindir=/usr/bin --sbindir=/usr/sbin --libexecdir=/usr/lib --sysconfdir=/etc --datadir=/usr/share --localstatedir=/var --mandir=/usr/man --infodir=/usr/info --disable-nls --enable-shared --enable-static --disable-yydebug --enable-ipv6 --with-build-cc=gcc --with-pcap=linux

## --------- ##
## Platform. ##
## --------- ##

hostname = localhost.localdomain
uname -m = i686
uname -r = 2.6.9-55.ELsmp
uname -s = Linux
uname -v = #1 SMP Fri Apr 20 17:03:35 EDT 2007

/usr/bin/uname -p = unknown
/bin/uname -X     = unknown

/bin/arch              = i686
/usr/bin/arch -k       = unknown
/usr/convex/getsysinfo = unknown
hostinfo               = unknown
/bin/machine           = unknown
/usr/bin/oslevel       = unknown
/bin/universe          = unknown

PATH: /home/xwang/smb/share/plat/openwrt/kamikaze_7.09_befor_nj_zte/staging_dir_mips/usr/sbin
PATH: /home/xwang/smb/share/plat/openwrt/kamikaze_7.09_befor_nj_zte/staging_dir_mips/usr/bin
PATH: /home/xwang/smb/share/plat/openwrt/kamikaze_7.09_befor_nj_zte/staging_dir_mips/bin
PATH: /home/xwang/smb/share/plat/openwrt/kamikaze_7.09_befor_nj_zte/staging_dir_mips/usr/sbin
PATH: /home/xwang/smb/share/plat/openwrt/kamikaze_7.09_befor_nj_zte/staging_dir_mips/usr/bin
PATH: /home/xwang/smb/share/plat/openwrt/kamikaze_7.09_befor_nj_zte/staging_dir_mips/bin
PATH: /usr/kerberos/bin
PATH: /usr/local/bin
PATH: /bin
PATH: /usr/bin
PATH: /usr/X11R6/bin
PATH: /opt/eldk/usr/bin
PATH: /usr/local/bin
PATH: /usr/local/fs2/mips/bin
PATH: /opt/sde/bin
PATH: /opt/openwrt/bin
PATH: /opt/eldk/usr/bin
PATH: /opt/eldk/bin
PATH: /opt/openwrt/bin
PATH: /home/xwang/smb/share/plat/openwrt/kamikaze_7.09/./staging_dir_mips/bin
PATH: /home/xwang/smb/share/plat/umon-1.17/umon_main/host/bin
PATH: /home/xwang/bin


## ----------- ##
## Core tests. ##
## ----------- ##

configure:1181: loading site script /home/xwang/smb/share/plat/openwrt/kamikaze_7.09_befor_nj_zte/include/site/mips-linux-uclibc
| #!/bin/sh
| 
| ac_cv_c_littleendian=${ac_cv_c_littleendian=no}
| ac_cv_c_bigendian=${ac_cv_c_bigendian=yes}
| 
| ac_cv_sizeof___int64=0
| ac_cv_sizeof_char=1
| ac_cv_sizeof_int=4
| ac_cv_sizeof_int16_t=2
| ac_cv_sizeof_int32_t=4
| ac_cv_sizeof_int64_t=8
| ac_cv_sizeof_long_int=4
| ac_cv_sizeof_long_long=8
| ac_cv_sizeof_long=4
| ac_cv_sizeof_off_t=4
| ac_cv_sizeof_short_int=2
| ac_cv_sizeof_short=2
| ac_cv_sizeof_size_t=4
| ac_cv_sizeof_u_int16_t=2
| ac_cv_sizeof_u_int32_t=4
| ac_cv_sizeof_u_int64_t=8
| ac_cv_sizeof_uint16_t=2
| ac_cv_sizeof_uint32_t=4
| ac_cv_sizeof_uint64_t=8
| ac_cv_sizeof_unsigned_int=4
| ac_cv_sizeof_unsigned_long=4
| ac_cv_sizeof_unsigned_short=2
| ac_cv_sizeof_void_p=4
| 
| . $TOPDIR/include/site/linux-uclibc
| 
configure:1312: checking build system type
configure:1330: result: i386-redhat-linux-gnu
configure:1338: checking host system type
configure:1352: result: mips-unknown-linux-gnu
configure:1360: checking target system type
configure:1374: result: mips-unknown-linux-gnu
configure:1466: checking for mips-linux-gcc
configure:1492: result: mips-linux-uclibc-gcc
configure:1774: checking for C compiler version
configure:1777: mips-linux-uclibc-gcc --version </dev/null >&5
mips-linux-uclibc-gcc (GCC) 4.1.2
Copyright (C) 2006 Free Software Foundation, Inc.
This is free software; see the source for copying conditions.  There is NO
warranty; not even for MERCHANTABILITY or FITNESS FOR A PARTICULAR PURPOSE.

configure:1780: $? = 0
configure:1782: mips-linux-uclibc-gcc -v </dev/null >&5
Using built-in specs.
Target: mips-linux-uclibc
Configured with: /home/xwang/smb/share/plat/openwrt/kamikaze_7.09_Origen/kamikaze_7.09/toolchain_build_mips/gcc-4.1.2/configure --prefix=/home/xwang/smb/share/plat/openwrt/kamikaze_7.09_Origen/kamikaze_7.09/staging_dir_mips --build=i386-redhat-linux --host=i386-redhat-linux --target=mips-linux-uclibc --enable-languages=c,c++ --enable-shared --disable-__cxa_atexit --enable-target-optspace --with-gnu-ld --disable-nls --disable-libmudflap
Thread model: posix
gcc version 4.1.2
configure:1785: $? = 0
configure:1787: mips-linux-uclibc-gcc -V </dev/null >&5
mips-linux-uclibc-gcc: '-V' option must have argument
configure:1790: $? = 1
configure:1814: checking for C compiler default output
configure:1817: mips-linux-uclibc-gcc -Os -pipe -mips32 -mtune=mips32 -funit-at-a-time -I/home/xwang/smb/share/plat/openwrt/kamikaze_7.09_befor_nj_zte/staging_dir_mips/usr/include -I/home/xwang/smb/share/plat/openwrt/kamikaze_7.09_befor_nj_zte/staging_dir_mips/include -I/home/xwang/smb/share/plat/openwrt/kamikaze_7.09_befor_nj_zte/staging_dir_mips/usr/include -I/home/xwang/smb/share/plat/openwrt/kamikaze_7.09_befor_nj_zte/staging_dir_mips/include -I/home/xwang/smb/share/plat/openwrt/kamikaze_7.09_befor_nj_zte/staging_dir_mips/usr/include -I/home/xwang/smb/share/plat/openwrt/kamikaze_7.09_befor_nj_zte/staging_dir_mips/include -L/home/xwang/smb/share/plat/openwrt/kamikaze_7.09_befor_nj_zte/staging_dir_mips/usr/lib -L/home/xwang/smb/share/plat/openwrt/kamikaze_7.09_befor_nj_zte/staging_dir_mips/lib conftest.c  >&5
configure:1820: $? = 0
configure:1866: result: a.out
configure:1871: checking whether the C compiler works
configure:1897: result: yes
configure:1904: checking whether we are cross compiling
configure:1906: result: yes
configure:1909: checking for suffix of executables
configure:1911: mips-linux-uclibc-gcc -o conftest -Os -pipe -mips32 -mtune=mips32 -funit-at-a-time -I/home/xwang/smb/share/plat/openwrt/kamikaze_7.09_befor_nj_zte/staging_dir_mips/usr/include -I/home/xwang/smb/share/plat/openwrt/kamikaze_7.09_befor_nj_zte/staging_dir_mips/include -I/home/xwang/smb/share/plat/openwrt/kamikaze_7.09_befor_nj_zte/staging_dir_mips/usr/include -I/home/xwang/smb/share/plat/openwrt/kamikaze_7.09_befor_nj_zte/staging_dir_mips/include -I/home/xwang/smb/share/plat/openwrt/kamikaze_7.09_befor_nj_zte/staging_dir_mips/usr/include -I/home/xwang/smb/share/plat/openwrt/kamikaze_7.09_befor_nj_zte/staging_dir_mips/include -L/home/xwang/smb/share/plat/openwrt/kamikaze_7.09_befor_nj_zte/staging_dir_mips/usr/lib -L/home/xwang/smb/share/plat/openwrt/kamikaze_7.09_befor_nj_zte/staging_dir_mips/lib conftest.c  >&5
configure:1914: $? = 0
configure:1939: result: 
configure:1945: checking for suffix of object files
configure:1967: mips-linux-uclibc-gcc -c -Os -pipe -mips32 -mtune=mips32 -funit-at-a-time -I/home/xwang/smb/share/plat/openwrt/kamikaze_7.09_befor_nj_zte/staging_dir_mips/usr/include -I/home/xwang/smb/share/plat/openwrt/kamikaze_7.09_befor_nj_zte/staging_dir_mips/include -I/home/xwang/smb/share/plat/openwrt/kamikaze_7.09_befor_nj_zte/staging_dir_mips/usr/include -I/home/xwang/smb/share/plat/openwrt/kamikaze_7.09_befor_nj_zte/staging_dir_mips/include -I/home/xwang/smb/share/plat/openwrt/kamikaze_7.09_befor_nj_zte/staging_dir_mips/usr/include -I/home/xwang/smb/share/plat/openwrt/kamikaze_7.09_befor_nj_zte/staging_dir_mips/include conftest.c >&5
configure:1970: $? = 0
configure:1992: result: o
configure:1996: checking whether we are using the GNU C compiler
configure:2021: mips-linux-uclibc-gcc -c -Os -pipe -mips32 -mtune=mips32 -funit-at-a-time -I/home/xwang/smb/share/plat/openwrt/kamikaze_7.09_befor_nj_zte/staging_dir_mips/usr/include -I/home/xwang/smb/share/plat/openwrt/kamikaze_7.09_befor_nj_zte/staging_dir_mips/include -I/home/xwang/smb/share/plat/openwrt/kamikaze_7.09_befor_nj_zte/staging_dir_mips/usr/include -I/home/xwang/smb/share/plat/openwrt/kamikaze_7.09_befor_nj_zte/staging_dir_mips/include -I/home/xwang/smb/share/plat/openwrt/kamikaze_7.09_befor_nj_zte/staging_dir_mips/usr/include -I/home/xwang/smb/share/plat/openwrt/kamikaze_7.09_befor_nj_zte/staging_dir_mips/include conftest.c >&5
configure:2024: $? = 0
configure:2027: test -s conftest.o
configure:2030: $? = 0
configure:2043: result: yes
configure:2049: checking whether mips-linux-uclibc-gcc accepts -g
configure:2071: mips-linux-uclibc-gcc -c -g -I/home/xwang/smb/share/plat/openwrt/kamikaze_7.09_befor_nj_zte/staging_dir_mips/usr/include -I/home/xwang/smb/share/plat/openwrt/kamikaze_7.09_befor_nj_zte/staging_dir_mips/include -I/home/xwang/smb/share/plat/openwrt/kamikaze_7.09_befor_nj_zte/staging_dir_mips/usr/include -I/home/xwang/smb/share/plat/openwrt/kamikaze_7.09_befor_nj_zte/staging_dir_mips/include conftest.c >&5
configure:2074: $? = 0
configure:2077: test -s conftest.o
configure:2080: $? = 0
configure:2091: result: yes
configure:2108: checking for mips-linux-uclibc-gcc option to accept ANSI C
configure:2169: mips-linux-uclibc-gcc  -c -Os -pipe -mips32 -mtune=mips32 -funit-at-a-time -I/home/xwang/smb/share/plat/openwrt/kamikaze_7.09_befor_nj_zte/staging_dir_mips/usr/include -I/home/xwang/smb/share/plat/openwrt/kamikaze_7.09_befor_nj_zte/staging_dir_mips/include -I/home/xwang/smb/share/plat/openwrt/kamikaze_7.09_befor_nj_zte/staging_dir_mips/usr/include -I/home/xwang/smb/share/plat/openwrt/kamikaze_7.09_befor_nj_zte/staging_dir_mips/include -I/home/xwang/smb/share/plat/openwrt/kamikaze_7.09_befor_nj_zte/staging_dir_mips/usr/include -I/home/xwang/smb/share/plat/openwrt/kamikaze_7.09_befor_nj_zte/staging_dir_mips/include conftest.c >&5
configure:2172: $? = 0
configure:2175: test -s conftest.o
configure:2178: $? = 0
configure:2196: result: none needed
configure:2214: mips-linux-uclibc-gcc -c -Os -pipe -mips32 -mtune=mips32 -funit-at-a-time -I/home/xwang/smb/share/plat/openwrt/kamikaze_7.09_befor_nj_zte/staging_dir_mips/usr/include -I/home/xwang/smb/share/plat/openwrt/kamikaze_7.09_befor_nj_zte/staging_dir_mips/include -I/home/xwang/smb/share/plat/openwrt/kamikaze_7.09_befor_nj_zte/staging_dir_mips/usr/include -I/home/xwang/smb/share/plat/openwrt/kamikaze_7.09_befor_nj_zte/staging_dir_mips/include -I/home/xwang/smb/share/plat/openwrt/kamikaze_7.09_befor_nj_zte/staging_dir_mips/usr/include -I/home/xwang/smb/share/plat/openwrt/kamikaze_7.09_befor_nj_zte/staging_dir_mips/include conftest.c >&5
conftest.c:2: error: expected '=', ',', ';', 'asm' or '__attribute__' before 'me'
configure:2217: $? = 1
configure: failed program was:
| #ifndef __cplusplus
|   choke me
| #endif
configure:2331: checking gcc version
configure:2343: result: 4
configure:2538: checking for inline
configure:2580: mips-linux-uclibc-gcc -c -O2 -I/home/xwang/smb/share/plat/openwrt/kamikaze_7.09_befor_nj_zte/staging_dir_mips/usr/include -I/home/xwang/smb/share/plat/openwrt/kamikaze_7.09_befor_nj_zte/staging_dir_mips/include -I/home/xwang/smb/share/plat/openwrt/kamikaze_7.09_befor_nj_zte/staging_dir_mips/usr/include -I/home/xwang/smb/share/plat/openwrt/kamikaze_7.09_befor_nj_zte/staging_dir_mips/include conftest.c >&5
configure:2583: $? = 0
configure:2586: test -s conftest.o
configure:2589: $? = 0
configure:2609: result: inline
configure:2621: checking for __attribute__
configure:2653: mips-linux-uclibc-gcc -c -Os -pipe -mips32 -mtune=mips32 -funit-at-a-time -I/home/xwang/smb/share/plat/openwrt/kamikaze_7.09_befor_nj_zte/staging_dir_mips/usr/include -I/home/xwang/smb/share/plat/openwrt/kamikaze_7.09_befor_nj_zte/staging_dir_mips/include -I/home/xwang/smb/share/plat/openwrt/kamikaze_7.09_befor_nj_zte/staging_dir_mips/usr/include -I/home/xwang/smb/share/plat/openwrt/kamikaze_7.09_befor_nj_zte/staging_dir_mips/include -I/home/xwang/smb/share/plat/openwrt/kamikaze_7.09_befor_nj_zte/staging_dir_mips/usr/include -I/home/xwang/smb/share/plat/openwrt/kamikaze_7.09_befor_nj_zte/staging_dir_mips/include conftest.c >&5
configure:2656: $? = 0
configure:2659: test -s conftest.o
configure:2662: $? = 0
configure:2684: result: yes
configure:2688: checking for u_int8_t using mips-linux-uclibc-gcc
configure:2716: mips-linux-uclibc-gcc -c -Os -pipe -mips32 -mtune=mips32 -funit-at-a-time -I/home/xwang/smb/share/plat/openwrt/kamikaze_7.09_befor_nj_zte/staging_dir_mips/usr/include -I/home/xwang/smb/share/plat/openwrt/kamikaze_7.09_befor_nj_zte/staging_dir_mips/include -I/home/xwang/smb/share/plat/openwrt/kamikaze_7.09_befor_nj_zte/staging_dir_mips/usr/include -I/home/xwang/smb/share/plat/openwrt/kamikaze_7.09_befor_nj_zte/staging_dir_mips/include -I/home/xwang/smb/share/plat/openwrt/kamikaze_7.09_befor_nj_zte/staging_dir_mips/usr/include -I/home/xwang/smb/share/plat/openwrt/kamikaze_7.09_befor_nj_zte/staging_dir_mips/include conftest.c >&5
configure:2719: $? = 0
configure:2722: test -s conftest.o
configure:2725: $? = 0
configure:2737: result: yes
configure:2746: checking for u_int16_t using mips-linux-uclibc-gcc
configure:2774: mips-linux-uclibc-gcc -c -Os -pipe -mips32 -mtune=mips32 -funit-at-a-time -I/home/xwang/smb/share/plat/openwrt/kamikaze_7.09_befor_nj_zte/staging_dir_mips/usr/include -I/home/xwang/smb/share/plat/openwrt/kamikaze_7.09_befor_nj_zte/staging_dir_mips/include -I/home/xwang/smb/share/plat/openwrt/kamikaze_7.09_befor_nj_zte/staging_dir_mips/usr/include -I/home/xwang/smb/share/plat/openwrt/kamikaze_7.09_befor_nj_zte/staging_dir_mips/include -I/home/xwang/smb/share/plat/openwrt/kamikaze_7.09_befor_nj_zte/staging_dir_mips/usr/include -I/home/xwang/smb/share/plat/openwrt/kamikaze_7.09_befor_nj_zte/staging_dir_mips/include conftest.c >&5
configure:2777: $? = 0
configure:2780: test -s conftest.o
configure:2783: $? = 0
configure:2795: result: yes
configure:2804: checking for u_int32_t using mips-linux-uclibc-gcc
configure:2832: mips-linux-uclibc-gcc -c -Os -pipe -mips32 -mtune=mips32 -funit-at-a-time -I/home/xwang/smb/share/plat/openwrt/kamikaze_7.09_befor_nj_zte/staging_dir_mips/usr/include -I/home/xwang/smb/share/plat/openwrt/kamikaze_7.09_befor_nj_zte/staging_dir_mips/include -I/home/xwang/smb/share/plat/openwrt/kamikaze_7.09_befor_nj_zte/staging_dir_mips/usr/include -I/home/xwang/smb/share/plat/openwrt/kamikaze_7.09_befor_nj_zte/staging_dir_mips/include -I/home/xwang/smb/share/plat/openwrt/kamikaze_7.09_befor_nj_zte/staging_dir_mips/usr/include -I/home/xwang/smb/share/plat/openwrt/kamikaze_7.09_befor_nj_zte/staging_dir_mips/include conftest.c >&5
configure:2835: $? = 0
configure:2838: test -s conftest.o
configure:2841: $? = 0
configure:2853: result: yes
configure:2868: checking how to run the C preprocessor
configure:2904: mips-linux-uclibc-gcc -E -I/home/xwang/smb/share/plat/openwrt/kamikaze_7.09_befor_nj_zte/staging_dir_mips/usr/include -I/home/xwang/smb/share/plat/openwrt/kamikaze_7.09_befor_nj_zte/staging_dir_mips/include -I/home/xwang/smb/share/plat/openwrt/kamikaze_7.09_befor_nj_zte/staging_dir_mips/usr/include -I/home/xwang/smb/share/plat/openwrt/kamikaze_7.09_befor_nj_zte/staging_dir_mips/include conftest.c
configure:2910: $? = 0
configure:2942: mips-linux-uclibc-gcc -E -I/home/xwang/smb/share/plat/openwrt/kamikaze_7.09_befor_nj_zte/staging_dir_mips/usr/include -I/home/xwang/smb/share/plat/openwrt/kamikaze_7.09_befor_nj_zte/staging_dir_mips/include -I/home/xwang/smb/share/plat/openwrt/kamikaze_7.09_befor_nj_zte/staging_dir_mips/usr/include -I/home/xwang/smb/share/plat/openwrt/kamikaze_7.09_befor_nj_zte/staging_dir_mips/include conftest.c
configure:2943:28: error: ac_nonexistent.h: No such file or directory
configure:2948: $? = 1
configure: failed program was:
| #line 2933 "configure"
| /* confdefs.h.  */
| 
| #define PACKAGE_NAME ""
| #define PACKAGE_TARNAME ""
| #define PACKAGE_VERSION ""
| #define PACKAGE_STRING ""
| #define PACKAGE_BUGREPORT ""
| #define inline inline
| #define HAVE___ATTRIBUTE__ 1
| /* end confdefs.h.  */
| #include <ac_nonexistent.h>
configure:2986: result: mips-linux-uclibc-gcc -E
configure:3011: mips-linux-uclibc-gcc -E -I/home/xwang/smb/share/plat/openwrt/kamikaze_7.09_befor_nj_zte/staging_dir_mips/usr/include -I/home/xwang/smb/share/plat/openwrt/kamikaze_7.09_befor_nj_zte/staging_dir_mips/include -I/home/xwang/smb/share/plat/openwrt/kamikaze_7.09_befor_nj_zte/staging_dir_mips/usr/include -I/home/xwang/smb/share/plat/openwrt/kamikaze_7.09_befor_nj_zte/staging_dir_mips/include conftest.c
configure:3017: $? = 0
configure:3049: mips-linux-uclibc-gcc -E -I/home/xwang/smb/share/plat/openwrt/kamikaze_7.09_befor_nj_zte/staging_dir_mips/usr/include -I/home/xwang/smb/share/plat/openwrt/kamikaze_7.09_befor_nj_zte/staging_dir_mips/include -I/home/xwang/smb/share/plat/openwrt/kamikaze_7.09_befor_nj_zte/staging_dir_mips/usr/include -I/home/xwang/smb/share/plat/openwrt/kamikaze_7.09_befor_nj_zte/staging_dir_mips/include conftest.c
configure:3050:28: error: ac_nonexistent.h: No such file or directory
configure:3055: $? = 1
configure: failed program was:
| #line 3040 "configure"
| /* confdefs.h.  */
| 
| #define PACKAGE_NAME ""
| #define PACKAGE_TARNAME ""
| #define PACKAGE_VERSION ""
| #define PACKAGE_STRING ""
| #define PACKAGE_BUGREPORT ""
| #define inline inline
| #define HAVE___ATTRIBUTE__ 1
| /* end confdefs.h.  */
| #include <ac_nonexistent.h>
configure:3098: checking for egrep
configure:3108: result: grep -E
configure:3113: checking for ANSI C header files
configure:3139: mips-linux-uclibc-gcc -c -Os -pipe -mips32 -mtune=mips32 -funit-at-a-time -I/home/xwang/smb/share/plat/openwrt/kamikaze_7.09_befor_nj_zte/staging_dir_mips/usr/include -I/home/xwang/smb/share/plat/openwrt/kamikaze_7.09_befor_nj_zte/staging_dir_mips/include -I/home/xwang/smb/share/plat/openwrt/kamikaze_7.09_befor_nj_zte/staging_dir_mips/usr/include -I/home/xwang/smb/share/plat/openwrt/kamikaze_7.09_befor_nj_zte/staging_dir_mips/include -I/home/xwang/smb/share/plat/openwrt/kamikaze_7.09_befor_nj_zte/staging_dir_mips/usr/include -I/home/xwang/smb/share/plat/openwrt/kamikaze_7.09_befor_nj_zte/staging_dir_mips/include conftest.c >&5
configure:3142: $? = 0
configure:3145: test -s conftest.o
configure:3148: $? = 0
configure:3263: result: yes
configure:3287: checking for sys/types.h
configure:3304: mips-linux-uclibc-gcc -c -Os -pipe -mips32 -mtune=mips32 -funit-at-a-time -I/home/xwang/smb/share/plat/openwrt/kamikaze_7.09_befor_nj_zte/staging_dir_mips/usr/include -I/home/xwang/smb/share/plat/openwrt/kamikaze_7.09_befor_nj_zte/staging_dir_mips/include -I/home/xwang/smb/share/plat/openwrt/kamikaze_7.09_befor_nj_zte/staging_dir_mips/usr/include -I/home/xwang/smb/share/plat/openwrt/kamikaze_7.09_befor_nj_zte/staging_dir_mips/include -I/home/xwang/smb/share/plat/openwrt/kamikaze_7.09_befor_nj_zte/staging_dir_mips/usr/include -I/home/xwang/smb/share/plat/openwrt/kamikaze_7.09_befor_nj_zte/staging_dir_mips/include conftest.c >&5
configure:3307: $? = 0
configure:3310: test -s conftest.o
configure:3313: $? = 0
configure:3324: result: yes
configure:3287: checking for sys/stat.h
configure:3304: mips-linux-uclibc-gcc -c -Os -pipe -mips32 -mtune=mips32 -funit-at-a-time -I/home/xwang/smb/share/plat/openwrt/kamikaze_7.09_befor_nj_zte/staging_dir_mips/usr/include -I/home/xwang/smb/share/plat/openwrt/kamikaze_7.09_befor_nj_zte/staging_dir_mips/include -I/home/xwang/smb/share/plat/openwrt/kamikaze_7.09_befor_nj_zte/staging_dir_mips/usr/include -I/home/xwang/smb/share/plat/openwrt/kamikaze_7.09_befor_nj_zte/staging_dir_mips/include -I/home/xwang/smb/share/plat/openwrt/kamikaze_7.09_befor_nj_zte/staging_dir_mips/usr/include -I/home/xwang/smb/share/plat/openwrt/kamikaze_7.09_befor_nj_zte/staging_dir_mips/include conftest.c >&5
configure:3307: $? = 0
configure:3310: test -s conftest.o
configure:3313: $? = 0
configure:3324: result: yes
configure:3287: checking for stdlib.h
configure:3304: mips-linux-uclibc-gcc -c -Os -pipe -mips32 -mtune=mips32 -funit-at-a-time -I/home/xwang/smb/share/plat/openwrt/kamikaze_7.09_befor_nj_zte/staging_dir_mips/usr/include -I/home/xwang/smb/share/plat/openwrt/kamikaze_7.09_befor_nj_zte/staging_dir_mips/include -I/home/xwang/smb/share/plat/openwrt/kamikaze_7.09_befor_nj_zte/staging_dir_mips/usr/include -I/home/xwang/smb/share/plat/openwrt/kamikaze_7.09_befor_nj_zte/staging_dir_mips/include -I/home/xwang/smb/share/plat/openwrt/kamikaze_7.09_befor_nj_zte/staging_dir_mips/usr/include -I/home/xwang/smb/share/plat/openwrt/kamikaze_7.09_befor_nj_zte/staging_dir_mips/include conftest.c >&5
configure:3307: $? = 0
configure:3310: test -s conftest.o
configure:3313: $? = 0
configure:3324: result: yes
configure:3287: checking for string.h
configure:3304: mips-linux-uclibc-gcc -c -Os -pipe -mips32 -mtune=mips32 -funit-at-a-time -I/home/xwang/smb/share/plat/openwrt/kamikaze_7.09_befor_nj_zte/staging_dir_mips/usr/include -I/home/xwang/smb/share/plat/openwrt/kamikaze_7.09_befor_nj_zte/staging_dir_mips/include -I/home/xwang/smb/share/plat/openwrt/kamikaze_7.09_befor_nj_zte/staging_dir_mips/usr/include -I/home/xwang/smb/share/plat/openwrt/kamikaze_7.09_befor_nj_zte/staging_dir_mips/include -I/home/xwang/smb/share/plat/openwrt/kamikaze_7.09_befor_nj_zte/staging_dir_mips/usr/include -I/home/xwang/smb/share/plat/openwrt/kamikaze_7.09_befor_nj_zte/staging_dir_mips/include conftest.c >&5
configure:3307: $? = 0
configure:3310: test -s conftest.o
configure:3313: $? = 0
configure:3324: result: yes
configure:3287: checking for memory.h
configure:3304: mips-linux-uclibc-gcc -c -Os -pipe -mips32 -mtune=mips32 -funit-at-a-time -I/home/xwang/smb/share/plat/openwrt/kamikaze_7.09_befor_nj_zte/staging_dir_mips/usr/include -I/home/xwang/smb/share/plat/openwrt/kamikaze_7.09_befor_nj_zte/staging_dir_mips/include -I/home/xwang/smb/share/plat/openwrt/kamikaze_7.09_befor_nj_zte/staging_dir_mips/usr/include -I/home/xwang/smb/share/plat/openwrt/kamikaze_7.09_befor_nj_zte/staging_dir_mips/include -I/home/xwang/smb/share/plat/openwrt/kamikaze_7.09_befor_nj_zte/staging_dir_mips/usr/include -I/home/xwang/smb/share/plat/openwrt/kamikaze_7.09_befor_nj_zte/staging_dir_mips/include conftest.c >&5
configure:3307: $? = 0
configure:3310: test -s conftest.o
configure:3313: $? = 0
configure:3324: result: yes
configure:3287: checking for strings.h
configure:3304: mips-linux-uclibc-gcc -c -Os -pipe -mips32 -mtune=mips32 -funit-at-a-time -I/home/xwang/smb/share/plat/openwrt/kamikaze_7.09_befor_nj_zte/staging_dir_mips/usr/include -I/home/xwang/smb/share/plat/openwrt/kamikaze_7.09_befor_nj_zte/staging_dir_mips/include -I/home/xwang/smb/share/plat/openwrt/kamikaze_7.09_befor_nj_zte/staging_dir_mips/usr/include -I/home/xwang/smb/share/plat/openwrt/kamikaze_7.09_befor_nj_zte/staging_dir_mips/include -I/home/xwang/smb/share/plat/openwrt/kamikaze_7.09_befor_nj_zte/staging_dir_mips/usr/include -I/home/xwang/smb/share/plat/openwrt/kamikaze_7.09_befor_nj_zte/staging_dir_mips/include conftest.c >&5
configure:3307: $? = 0
configure:3310: test -s conftest.o
configure:3313: $? = 0
configure:3324: result: yes
configure:3287: checking for inttypes.h
configure:3304: mips-linux-uclibc-gcc -c -Os -pipe -mips32 -mtune=mips32 -funit-at-a-time -I/home/xwang/smb/share/plat/openwrt/kamikaze_7.09_befor_nj_zte/staging_dir_mips/usr/include -I/home/xwang/smb/share/plat/openwrt/kamikaze_7.09_befor_nj_zte/staging_dir_mips/include -I/home/xwang/smb/share/plat/openwrt/kamikaze_7.09_befor_nj_zte/staging_dir_mips/usr/include -I/home/xwang/smb/share/plat/openwrt/kamikaze_7.09_befor_nj_zte/staging_dir_mips/include -I/home/xwang/smb/share/plat/openwrt/kamikaze_7.09_befor_nj_zte/staging_dir_mips/usr/include -I/home/xwang/smb/share/plat/openwrt/kamikaze_7.09_befor_nj_zte/staging_dir_mips/include conftest.c >&5
configure:3307: $? = 0
configure:3310: test -s conftest.o
configure:3313: $? = 0
configure:3324: result: yes
configure:3287: checking for stdint.h
configure:3304: mips-linux-uclibc-gcc -c -Os -pipe -mips32 -mtune=mips32 -funit-at-a-time -I/home/xwang/smb/share/plat/openwrt/kamikaze_7.09_befor_nj_zte/staging_dir_mips/usr/include -I/home/xwang/smb/share/plat/openwrt/kamikaze_7.09_befor_nj_zte/staging_dir_mips/include -I/home/xwang/smb/share/plat/openwrt/kamikaze_7.09_befor_nj_zte/staging_dir_mips/usr/include -I/home/xwang/smb/share/plat/openwrt/kamikaze_7.09_befor_nj_zte/staging_dir_mips/include -I/home/xwang/smb/share/plat/openwrt/kamikaze_7.09_befor_nj_zte/staging_dir_mips/usr/include -I/home/xwang/smb/share/plat/openwrt/kamikaze_7.09_befor_nj_zte/staging_dir_mips/include conftest.c >&5
configure:3307: $? = 0
configure:3310: test -s conftest.o
configure:3313: $? = 0
configure:3324: result: yes
configure:3287: checking for unistd.h
configure:3304: mips-linux-uclibc-gcc -c -Os -pipe -mips32 -mtune=mips32 -funit-at-a-time -I/home/xwang/smb/share/plat/openwrt/kamikaze_7.09_befor_nj_zte/staging_dir_mips/usr/include -I/home/xwang/smb/share/plat/openwrt/kamikaze_7.09_befor_nj_zte/staging_dir_mips/include -I/home/xwang/smb/share/plat/openwrt/kamikaze_7.09_befor_nj_zte/staging_dir_mips/usr/include -I/home/xwang/smb/share/plat/openwrt/kamikaze_7.09_befor_nj_zte/staging_dir_mips/include -I/home/xwang/smb/share/plat/openwrt/kamikaze_7.09_befor_nj_zte/staging_dir_mips/usr/include -I/home/xwang/smb/share/plat/openwrt/kamikaze_7.09_befor_nj_zte/staging_dir_mips/include conftest.c >&5
configure:3307: $? = 0
configure:3310: test -s conftest.o
configure:3313: $? = 0
configure:3324: result: yes
configure:3352: checking sys/ioccom.h usability
configure:3365: mips-linux-uclibc-gcc -c -Os -pipe -mips32 -mtune=mips32 -funit-at-a-time -I/home/xwang/smb/share/plat/openwrt/kamikaze_7.09_befor_nj_zte/staging_dir_mips/usr/include -I/home/xwang/smb/share/plat/openwrt/kamikaze_7.09_befor_nj_zte/staging_dir_mips/include -I/home/xwang/smb/share/plat/openwrt/kamikaze_7.09_befor_nj_zte/staging_dir_mips/usr/include -I/home/xwang/smb/share/plat/openwrt/kamikaze_7.09_befor_nj_zte/staging_dir_mips/include -I/home/xwang/smb/share/plat/openwrt/kamikaze_7.09_befor_nj_zte/staging_dir_mips/usr/include -I/home/xwang/smb/share/plat/openwrt/kamikaze_7.09_befor_nj_zte/staging_dir_mips/include conftest.c >&5
configure:3408:24: error: sys/ioccom.h: No such file or directory
configure:3368: $? = 1
configure: failed program was:
| #line 3354 "configure"
| /* confdefs.h.  */
| 
| #define PACKAGE_NAME ""
| #define PACKAGE_TARNAME ""
| #define PACKAGE_VERSION ""
| #define PACKAGE_STRING ""
| #define PACKAGE_BUGREPORT ""
| #define inline inline
| #define HAVE___ATTRIBUTE__ 1
| #define STDC_HEADERS 1
| #define HAVE_SYS_TYPES_H 1
| #define HAVE_SYS_STAT_H 1
| #define HAVE_STDLIB_H 1
| #define HAVE_STRING_H 1
| #define HAVE_MEMORY_H 1
| #define HAVE_STRINGS_H 1
| #define HAVE_INTTYPES_H 1
| #define HAVE_STDINT_H 1
| #define HAVE_UNISTD_H 1
| /* end confdefs.h.  */
| #include <stdio.h>
| #if HAVE_SYS_TYPES_H
| # include <sys/types.h>
| #endif
| #if HAVE_SYS_STAT_H
| # include <sys/stat.h>
| #endif
| #if STDC_HEADERS
| # include <stdlib.h>
| # include <stddef.h>
| #else
| # if HAVE_STDLIB_H
| #  include <stdlib.h>
| # endif
| #endif
| #if HAVE_STRING_H
| # if !STDC_HEADERS && HAVE_MEMORY_H
| #  include <memory.h>
| # endif
| # include <string.h>
| #endif
| #if HAVE_STRINGS_H
| # include <strings.h>
| #endif
| #if HAVE_INTTYPES_H
| # include <inttypes.h>
| #else
| # if HAVE_STDINT_H
| #  include <stdint.h>
| # endif
| #endif
| #if HAVE_UNISTD_H
| # include <unistd.h>
| #endif
| #include <sys/ioccom.h>
configure:3384: result: no
configure:3388: checking sys/ioccom.h presence
configure:3399: mips-linux-uclibc-gcc -E -I/home/xwang/smb/share/plat/openwrt/kamikaze_7.09_befor_nj_zte/staging_dir_mips/usr/include -I/home/xwang/smb/share/plat/openwrt/kamikaze_7.09_befor_nj_zte/staging_dir_mips/include -I/home/xwang/smb/share/plat/openwrt/kamikaze_7.09_befor_nj_zte/staging_dir_mips/usr/include -I/home/xwang/smb/share/plat/openwrt/kamikaze_7.09_befor_nj_zte/staging_dir_mips/include conftest.c
configure:3410:24: error: sys/ioccom.h: No such file or directory
configure:3405: $? = 1
configure: failed program was:
| #line 3390 "configure"
| /* confdefs.h.  */
| 
| #define PACKAGE_NAME ""
| #define PACKAGE_TARNAME ""
| #define PACKAGE_VERSION ""
| #define PACKAGE_STRING ""
| #define PACKAGE_BUGREPORT ""
| #define inline inline
| #define HAVE___ATTRIBUTE__ 1
| #define STDC_HEADERS 1
| #define HAVE_SYS_TYPES_H 1
| #define HAVE_SYS_STAT_H 1
| #define HAVE_STDLIB_H 1
| #define HAVE_STRING_H 1
| #define HAVE_MEMORY_H 1
| #define HAVE_STRINGS_H 1
| #define HAVE_INTTYPES_H 1
| #define HAVE_STDINT_H 1
| #define HAVE_UNISTD_H 1
| /* end confdefs.h.  */
| #include <sys/ioccom.h>
configure:3424: result: no
configure:3460: checking for sys/ioccom.h
configure:3467: result: no
configure:3352: checking sys/sockio.h usability
configure:3365: mips-linux-uclibc-gcc -c -Os -pipe -mips32 -mtune=mips32 -funit-at-a-time -I/home/xwang/smb/share/plat/openwrt/kamikaze_7.09_befor_nj_zte/staging_dir_mips/usr/include -I/home/xwang/smb/share/plat/openwrt/kamikaze_7.09_befor_nj_zte/staging_dir_mips/include -I/home/xwang/smb/share/plat/openwrt/kamikaze_7.09_befor_nj_zte/staging_dir_mips/usr/include -I/home/xwang/smb/share/plat/openwrt/kamikaze_7.09_befor_nj_zte/staging_dir_mips/include -I/home/xwang/smb/share/plat/openwrt/kamikaze_7.09_befor_nj_zte/staging_dir_mips/usr/include -I/home/xwang/smb/share/plat/openwrt/kamikaze_7.09_befor_nj_zte/staging_dir_mips/include conftest.c >&5
configure:3408:24: error: sys/sockio.h: No such file or directory
configure:3368: $? = 1
configure: failed program was:
| #line 3354 "configure"
| /* confdefs.h.  */
| 
| #define PACKAGE_NAME ""
| #define PACKAGE_TARNAME ""
| #define PACKAGE_VERSION ""
| #define PACKAGE_STRING ""
| #define PACKAGE_BUGREPORT ""
| #define inline inline
| #define HAVE___ATTRIBUTE__ 1
| #define STDC_HEADERS 1
| #define HAVE_SYS_TYPES_H 1
| #define HAVE_SYS_STAT_H 1
| #define HAVE_STDLIB_H 1
| #define HAVE_STRING_H 1
| #define HAVE_MEMORY_H 1
| #define HAVE_STRINGS_H 1
| #define HAVE_INTTYPES_H 1
| #define HAVE_STDINT_H 1
| #define HAVE_UNISTD_H 1
| /* end confdefs.h.  */
| #include <stdio.h>
| #if HAVE_SYS_TYPES_H
| # include <sys/types.h>
| #endif
| #if HAVE_SYS_STAT_H
| # include <sys/stat.h>
| #endif
| #if STDC_HEADERS
| # include <stdlib.h>
| # include <stddef.h>
| #else
| # if HAVE_STDLIB_H
| #  include <stdlib.h>
| # endif
| #endif
| #if HAVE_STRING_H
| # if !STDC_HEADERS && HAVE_MEMORY_H
| #  include <memory.h>
| # endif
| # include <string.h>
| #endif
| #if HAVE_STRINGS_H
| # include <strings.h>
| #endif
| #if HAVE_INTTYPES_H
| # include <inttypes.h>
| #else
| # if HAVE_STDINT_H
| #  include <stdint.h>
| # endif
| #endif
| #if HAVE_UNISTD_H
| # include <unistd.h>
| #endif
| #include <sys/sockio.h>
configure:3384: result: no
configure:3388: checking sys/sockio.h presence
configure:3399: mips-linux-uclibc-gcc -E -I/home/xwang/smb/share/plat/openwrt/kamikaze_7.09_befor_nj_zte/staging_dir_mips/usr/include -I/home/xwang/smb/share/plat/openwrt/kamikaze_7.09_befor_nj_zte/staging_dir_mips/include -I/home/xwang/smb/share/plat/openwrt/kamikaze_7.09_befor_nj_zte/staging_dir_mips/usr/include -I/home/xwang/smb/share/plat/openwrt/kamikaze_7.09_befor_nj_zte/staging_dir_mips/include conftest.c
configure:3410:24: error: sys/sockio.h: No such file or directory
configure:3405: $? = 1
configure: failed program was:
| #line 3390 "configure"
| /* confdefs.h.  */
| 
| #define PACKAGE_NAME ""
| #define PACKAGE_TARNAME ""
| #define PACKAGE_VERSION ""
| #define PACKAGE_STRING ""
| #define PACKAGE_BUGREPORT ""
| #define inline inline
| #define HAVE___ATTRIBUTE__ 1
| #define STDC_HEADERS 1
| #define HAVE_SYS_TYPES_H 1
| #define HAVE_SYS_STAT_H 1
| #define HAVE_STDLIB_H 1
| #define HAVE_STRING_H 1
| #define HAVE_MEMORY_H 1
| #define HAVE_STRINGS_H 1
| #define HAVE_INTTYPES_H 1
| #define HAVE_STDINT_H 1
| #define HAVE_UNISTD_H 1
| /* end confdefs.h.  */
| #include <sys/sockio.h>
configure:3424: result: no
configure:3460: checking for sys/sockio.h
configure:3467: result: no
configure:3352: checking limits.h usability
configure:3365: mips-linux-uclibc-gcc -c -Os -pipe -mips32 -mtune=mips32 -funit-at-a-time -I/home/xwang/smb/share/plat/openwrt/kamikaze_7.09_befor_nj_zte/staging_dir_mips/usr/include -I/home/xwang/smb/share/plat/openwrt/kamikaze_7.09_befor_nj_zte/staging_dir_mips/include -I/home/xwang/smb/share/plat/openwrt/kamikaze_7.09_befor_nj_zte/staging_dir_mips/usr/include -I/home/xwang/smb/share/plat/openwrt/kamikaze_7.09_befor_nj_zte/staging_dir_mips/include -I/home/xwang/smb/share/plat/openwrt/kamikaze_7.09_befor_nj_zte/staging_dir_mips/usr/include -I/home/xwang/smb/share/plat/openwrt/kamikaze_7.09_befor_nj_zte/staging_dir_mips/include conftest.c >&5
configure:3368: $? = 0
configure:3371: test -s conftest.o
configure:3374: $? = 0
configure:3384: result: yes
configure:3388: checking limits.h presence
configure:3399: mips-linux-uclibc-gcc -E -I/home/xwang/smb/share/plat/openwrt/kamikaze_7.09_befor_nj_zte/staging_dir_mips/usr/include -I/home/xwang/smb/share/plat/openwrt/kamikaze_7.09_befor_nj_zte/staging_dir_mips/include -I/home/xwang/smb/share/plat/openwrt/kamikaze_7.09_befor_nj_zte/staging_dir_mips/usr/include -I/home/xwang/smb/share/plat/openwrt/kamikaze_7.09_befor_nj_zte/staging_dir_mips/include conftest.c
configure:3405: $? = 0
configure:3424: result: yes
configure:3460: checking for limits.h
configure:3467: result: yes
configure:3484: checking for netinet/if_ether.h
configure:3502: mips-linux-uclibc-gcc -c -Os -pipe -mips32 -mtune=mips32 -funit-at-a-time -I/home/xwang/smb/share/plat/openwrt/kamikaze_7.09_befor_nj_zte/staging_dir_mips/usr/include -I/home/xwang/smb/share/plat/openwrt/kamikaze_7.09_befor_nj_zte/staging_dir_mips/include -I/home/xwang/smb/share/plat/openwrt/kamikaze_7.09_befor_nj_zte/staging_dir_mips/usr/include -I/home/xwang/smb/share/plat/openwrt/kamikaze_7.09_befor_nj_zte/staging_dir_mips/include -I/home/xwang/smb/share/plat/openwrt/kamikaze_7.09_befor_nj_zte/staging_dir_mips/usr/include -I/home/xwang/smb/share/plat/openwrt/kamikaze_7.09_befor_nj_zte/staging_dir_mips/include conftest.c >&5
configure:3505: $? = 0
configure:3508: test -s conftest.o
configure:3511: $? = 0
configure:3522: result: yes
configure:3604: checking for ANSI ioctl definitions
configure:3638: mips-linux-uclibc-gcc -c -Os -pipe -mips32 -mtune=mips32 -funit-at-a-time -I/home/xwang/smb/share/plat/openwrt/kamikaze_7.09_befor_nj_zte/staging_dir_mips/usr/include -I/home/xwang/smb/share/plat/openwrt/kamikaze_7.09_befor_nj_zte/staging_dir_mips/include -I/home/xwang/smb/share/plat/openwrt/kamikaze_7.09_befor_nj_zte/staging_dir_mips/usr/include -I/home/xwang/smb/share/plat/openwrt/kamikaze_7.09_befor_nj_zte/staging_dir_mips/include -I/home/xwang/smb/share/plat/openwrt/kamikaze_7.09_befor_nj_zte/staging_dir_mips/usr/include -I/home/xwang/smb/share/plat/openwrt/kamikaze_7.09_befor_nj_zte/staging_dir_mips/include conftest.c >&5
configure:3641: $? = 0
configure:3644: test -s conftest.o
configure:3647: $? = 0
configure:3659: result: yes
configure:3675: checking for strerror
configure:3745: result: yes
configure:3675: checking for strlcpy
configure:3725: mips-linux-uclibc-gcc -o conftest -Os -pipe -mips32 -mtune=mips32 -funit-at-a-time -I/home/xwang/smb/share/plat/openwrt/kamikaze_7.09_befor_nj_zte/staging_dir_mips/usr/include -I/home/xwang/smb/share/plat/openwrt/kamikaze_7.09_befor_nj_zte/staging_dir_mips/include -I/home/xwang/smb/share/plat/openwrt/kamikaze_7.09_befor_nj_zte/staging_dir_mips/usr/include -I/home/xwang/smb/share/plat/openwrt/kamikaze_7.09_befor_nj_zte/staging_dir_mips/include -I/home/xwang/smb/share/plat/openwrt/kamikaze_7.09_befor_nj_zte/staging_dir_mips/usr/include -I/home/xwang/smb/share/plat/openwrt/kamikaze_7.09_befor_nj_zte/staging_dir_mips/include -L/home/xwang/smb/share/plat/openwrt/kamikaze_7.09_befor_nj_zte/staging_dir_mips/usr/lib -L/home/xwang/smb/share/plat/openwrt/kamikaze_7.09_befor_nj_zte/staging_dir_mips/lib conftest.c  >&5
configure:3728: $? = 0
configure:3731: test -s conftest
configure:3734: $? = 0
configure:3745: result: yes
configure:3762: checking for vsnprintf
configure:3832: result: yes
configure:3762: checking for snprintf
configure:3812: mips-linux-uclibc-gcc -o conftest -Os -pipe -mips32 -mtune=mips32 -funit-at-a-time -I/home/xwang/smb/share/plat/openwrt/kamikaze_7.09_befor_nj_zte/staging_dir_mips/usr/include -I/home/xwang/smb/share/plat/openwrt/kamikaze_7.09_befor_nj_zte/staging_dir_mips/include -I/home/xwang/smb/share/plat/openwrt/kamikaze_7.09_befor_nj_zte/staging_dir_mips/usr/include -I/home/xwang/smb/share/plat/openwrt/kamikaze_7.09_befor_nj_zte/staging_dir_mips/include -I/home/xwang/smb/share/plat/openwrt/kamikaze_7.09_befor_nj_zte/staging_dir_mips/usr/include -I/home/xwang/smb/share/plat/openwrt/kamikaze_7.09_befor_nj_zte/staging_dir_mips/include -L/home/xwang/smb/share/plat/openwrt/kamikaze_7.09_befor_nj_zte/staging_dir_mips/usr/lib -L/home/xwang/smb/share/plat/openwrt/kamikaze_7.09_befor_nj_zte/staging_dir_mips/lib conftest.c  >&5
configure:3808: warning: conflicting types for built-in function 'snprintf'
configure:3815: $? = 0
configure:3818: test -s conftest
configure:3821: $? = 0
configure:3832: result: yes
configure:3857: checking for library containing gethostbyname
configure:3888: mips-linux-uclibc-gcc -o conftest -Os -pipe -mips32 -mtune=mips32 -funit-at-a-time -I/home/xwang/smb/share/plat/openwrt/kamikaze_7.09_befor_nj_zte/staging_dir_mips/usr/include -I/home/xwang/smb/share/plat/openwrt/kamikaze_7.09_befor_nj_zte/staging_dir_mips/include -I/home/xwang/smb/share/plat/openwrt/kamikaze_7.09_befor_nj_zte/staging_dir_mips/usr/include -I/home/xwang/smb/share/plat/openwrt/kamikaze_7.09_befor_nj_zte/staging_dir_mips/include -I/home/xwang/smb/share/plat/openwrt/kamikaze_7.09_befor_nj_zte/staging_dir_mips/usr/include -I/home/xwang/smb/share/plat/openwrt/kamikaze_7.09_befor_nj_zte/staging_dir_mips/include -L/home/xwang/smb/share/plat/openwrt/kamikaze_7.09_befor_nj_zte/staging_dir_mips/usr/lib -L/home/xwang/smb/share/plat/openwrt/kamikaze_7.09_befor_nj_zte/staging_dir_mips/lib conftest.c  >&5
configure:3891: $? = 0
configure:3894: test -s conftest
configure:3897: $? = 0
configure:3956: result: none required
configure:4026: checking for library containing socket
configure:4057: mips-linux-uclibc-gcc -o conftest -Os -pipe -mips32 -mtune=mips32 -funit-at-a-time -I/home/xwang/smb/share/plat/openwrt/kamikaze_7.09_befor_nj_zte/staging_dir_mips/usr/include -I/home/xwang/smb/share/plat/openwrt/kamikaze_7.09_befor_nj_zte/staging_dir_mips/include -I/home/xwang/smb/share/plat/openwrt/kamikaze_7.09_befor_nj_zte/staging_dir_mips/usr/include -I/home/xwang/smb/share/plat/openwrt/kamikaze_7.09_befor_nj_zte/staging_dir_mips/include -I/home/xwang/smb/share/plat/openwrt/kamikaze_7.09_befor_nj_zte/staging_dir_mips/usr/include -I/home/xwang/smb/share/plat/openwrt/kamikaze_7.09_befor_nj_zte/staging_dir_mips/include -L/home/xwang/smb/share/plat/openwrt/kamikaze_7.09_befor_nj_zte/staging_dir_mips/usr/lib -L/home/xwang/smb/share/plat/openwrt/kamikaze_7.09_befor_nj_zte/staging_dir_mips/lib conftest.c  >&5
configure:4060: $? = 0
configure:4063: test -s conftest
configure:4066: $? = 0
configure:4125: result: none required
configure:4192: checking for library containing putmsg
configure:4223: mips-linux-uclibc-gcc -o conftest -Os -pipe -mips32 -mtune=mips32 -funit-at-a-time -I/home/xwang/smb/share/plat/openwrt/kamikaze_7.09_befor_nj_zte/staging_dir_mips/usr/include -I/home/xwang/smb/share/plat/openwrt/kamikaze_7.09_befor_nj_zte/staging_dir_mips/include -I/home/xwang/smb/share/plat/openwrt/kamikaze_7.09_befor_nj_zte/staging_dir_mips/usr/include -I/home/xwang/smb/share/plat/openwrt/kamikaze_7.09_befor_nj_zte/staging_dir_mips/include -I/home/xwang/smb/share/plat/openwrt/kamikaze_7.09_befor_nj_zte/staging_dir_mips/usr/include -I/home/xwang/smb/share/plat/openwrt/kamikaze_7.09_befor_nj_zte/staging_dir_mips/include -L/home/xwang/smb/share/plat/openwrt/kamikaze_7.09_befor_nj_zte/staging_dir_mips/usr/lib -L/home/xwang/smb/share/plat/openwrt/kamikaze_7.09_befor_nj_zte/staging_dir_mips/lib conftest.c  >&5
/tmp/ccJX0A6G.o: In function `main':
conftest.c:(.text+0x18): undefined reference to `putmsg'
collect2: ld returned 1 exit status
configure:4226: $? = 1
configure: failed program was:
| #line 4199 "configure"
| /* confdefs.h.  */
| 
| #define PACKAGE_NAME ""
| #define PACKAGE_TARNAME ""
| #define PACKAGE_VERSION ""
| #define PACKAGE_STRING ""
| #define PACKAGE_BUGREPORT ""
| #define inline inline
| #define HAVE___ATTRIBUTE__ 1
| #define STDC_HEADERS 1
| #define HAVE_SYS_TYPES_H 1
| #define HAVE_SYS_STAT_H 1
| #define HAVE_STDLIB_H 1
| #define HAVE_STRING_H 1
| #define HAVE_MEMORY_H 1
| #define HAVE_STRINGS_H 1
| #define HAVE_INTTYPES_H 1
| #define HAVE_STDINT_H 1
| #define HAVE_UNISTD_H 1
| #define HAVE_LIMITS_H 1
| #define HAVE_NETINET_IF_ETHER_H 1
| #define HAVE_STRERROR 1
| #define HAVE_STRLCPY 1
| #define HAVE_VSNPRINTF 1
| #define HAVE_SNPRINTF 1
| /* end confdefs.h.  */
| 
| /* Override any gcc2 internal prototype to avoid an error.  */
| #ifdef __cplusplus
| extern "C"
| #endif
| /* We use char because int might match the return type of a gcc2
|    builtin and then its argument prototype would still apply.  */
| char putmsg ();
| int
| main ()
| {
| putmsg ();
|   ;
|   return 0;
| }
configure:4268: mips-linux-uclibc-gcc -o conftest -Os -pipe -mips32 -mtune=mips32 -funit-at-a-time -I/home/xwang/smb/share/plat/openwrt/kamikaze_7.09_befor_nj_zte/staging_dir_mips/usr/include -I/home/xwang/smb/share/plat/openwrt/kamikaze_7.09_befor_nj_zte/staging_dir_mips/include -I/home/xwang/smb/share/plat/openwrt/kamikaze_7.09_befor_nj_zte/staging_dir_mips/usr/include -I/home/xwang/smb/share/plat/openwrt/kamikaze_7.09_befor_nj_zte/staging_dir_mips/include -I/home/xwang/smb/share/plat/openwrt/kamikaze_7.09_befor_nj_zte/staging_dir_mips/usr/include -I/home/xwang/smb/share/plat/openwrt/kamikaze_7.09_befor_nj_zte/staging_dir_mips/include -L/home/xwang/smb/share/plat/openwrt/kamikaze_7.09_befor_nj_zte/staging_dir_mips/usr/lib -L/home/xwang/smb/share/plat/openwrt/kamikaze_7.09_befor_nj_zte/staging_dir_mips/lib conftest.c -lstr   >&5
/home/xwang/smb/share/plat/openwrt/kamikaze_7.09_befor_nj_zte/staging_dir_mips/bin/../lib/gcc/mips-linux-uclibc/4.1.2/../../../../mips-linux-uclibc/bin/ld: cannot find -lstr
collect2: ld returned 1 exit status
configure:4271: $? = 1
configure: failed program was:
| #line 4244 "configure"
| /* confdefs.h.  */
| 
| #define PACKAGE_NAME ""
| #define PACKAGE_TARNAME ""
| #define PACKAGE_VERSION ""
| #define PACKAGE_STRING ""
| #define PACKAGE_BUGREPORT ""
| #define inline inline
| #define HAVE___ATTRIBUTE__ 1
| #define STDC_HEADERS 1
| #define HAVE_SYS_TYPES_H 1
| #define HAVE_SYS_STAT_H 1
| #define HAVE_STDLIB_H 1
| #define HAVE_STRING_H 1
| #define HAVE_MEMORY_H 1
| #define HAVE_STRINGS_H 1
| #define HAVE_INTTYPES_H 1
| #define HAVE_STDINT_H 1
| #define HAVE_UNISTD_H 1
| #define HAVE_LIMITS_H 1
| #define HAVE_NETINET_IF_ETHER_H 1
| #define HAVE_STRERROR 1
| #define HAVE_STRLCPY 1
| #define HAVE_VSNPRINTF 1
| #define HAVE_SNPRINTF 1
| /* end confdefs.h.  */
| 
| /* Override any gcc2 internal prototype to avoid an error.  */
| #ifdef __cplusplus
| extern "C"
| #endif
| /* We use char because int might match the return type of a gcc2
|    builtin and then its argument prototype would still apply.  */
| char putmsg ();
| int
| main ()
| {
| putmsg ();
|   ;
|   return 0;
| }
configure:4291: result: no
configure:4315: checking for ether_hostton
configure:4365: mips-linux-uclibc-gcc -o conftest -Os -pipe -mips32 -mtune=mips32 -funit-at-a-time -I/home/xwang/smb/share/plat/openwrt/kamikaze_7.09_befor_nj_zte/staging_dir_mips/usr/include -I/home/xwang/smb/share/plat/openwrt/kamikaze_7.09_befor_nj_zte/staging_dir_mips/include -I/home/xwang/smb/share/plat/openwrt/kamikaze_7.09_befor_nj_zte/staging_dir_mips/usr/include -I/home/xwang/smb/share/plat/openwrt/kamikaze_7.09_befor_nj_zte/staging_dir_mips/include -I/home/xwang/smb/share/plat/openwrt/kamikaze_7.09_befor_nj_zte/staging_dir_mips/usr/include -I/home/xwang/smb/share/plat/openwrt/kamikaze_7.09_befor_nj_zte/staging_dir_mips/include -L/home/xwang/smb/share/plat/openwrt/kamikaze_7.09_befor_nj_zte/staging_dir_mips/usr/lib -L/home/xwang/smb/share/plat/openwrt/kamikaze_7.09_befor_nj_zte/staging_dir_mips/lib conftest.c  >&5
/tmp/ccM6FtJM.o: In function `main':
conftest.c:(.text+0x10): undefined reference to `ether_hostton'
/tmp/ccM6FtJM.o:(.data.rel+0x0): undefined reference to `ether_hostton'
collect2: ld returned 1 exit status
configure:4368: $? = 1
configure: failed program was:
| #line 4320 "configure"
| /* confdefs.h.  */
| 
| #define PACKAGE_NAME ""
| #define PACKAGE_TARNAME ""
| #define PACKAGE_VERSION ""
| #define PACKAGE_STRING ""
| #define PACKAGE_BUGREPORT ""
| #define inline inline
| #define HAVE___ATTRIBUTE__ 1
| #define STDC_HEADERS 1
| #define HAVE_SYS_TYPES_H 1
| #define HAVE_SYS_STAT_H 1
| #define HAVE_STDLIB_H 1
| #define HAVE_STRING_H 1
| #define HAVE_MEMORY_H 1
| #define HAVE_STRINGS_H 1
| #define HAVE_INTTYPES_H 1
| #define HAVE_STDINT_H 1
| #define HAVE_UNISTD_H 1
| #define HAVE_LIMITS_H 1
| #define HAVE_NETINET_IF_ETHER_H 1
| #define HAVE_STRERROR 1
| #define HAVE_STRLCPY 1
| #define HAVE_VSNPRINTF 1
| #define HAVE_SNPRINTF 1
| /* end confdefs.h.  */
| /* System header to define __stub macros and hopefully few prototypes,
|     which can conflict with char ether_hostton (); below.
|     Prefer <limits.h> to <assert.h> if __STDC__ is defined, since
|     <limits.h> exists even on freestanding compilers.  */
| #ifdef __STDC__
| # include <limits.h>
| #else
| # include <assert.h>
| #endif
| /* Override any gcc2 internal prototype to avoid an error.  */
| #ifdef __cplusplus
| extern "C"
| {
| #endif
| /* We use char because int might match the return type of a gcc2
|    builtin and then its argument prototype would still apply.  */
| char ether_hostton ();
| /* The GNU C library defines this for functions which it implements
|     to always fail with ENOSYS.  Some functions are actually named
|     something starting with __ and the normal name is an alias.  */
| #if defined (__stub_ether_hostton) || defined (__stub___ether_hostton)
| choke me
| #else
| char (*f) () = ether_hostton;
| #endif
| #ifdef __cplusplus
| }
| #endif
| 
| int
| main ()
| {
| return f != ether_hostton;
|   ;
|   return 0;
| }
configure:4385: result: no
configure:4778: checking if --disable-protochain option is specified
configure:4798: result: enabled
configure:4812: checking packet capture type
configure:4848: result: linux
configure:4859: checking for getifaddrs
configure:4909: mips-linux-uclibc-gcc -o conftest -Os -pipe -mips32 -mtune=mips32 -funit-at-a-time -I/home/xwang/smb/share/plat/openwrt/kamikaze_7.09_befor_nj_zte/staging_dir_mips/usr/include -I/home/xwang/smb/share/plat/openwrt/kamikaze_7.09_befor_nj_zte/staging_dir_mips/include -I/home/xwang/smb/share/plat/openwrt/kamikaze_7.09_befor_nj_zte/staging_dir_mips/usr/include -I/home/xwang/smb/share/plat/openwrt/kamikaze_7.09_befor_nj_zte/staging_dir_mips/include -I/home/xwang/smb/share/plat/openwrt/kamikaze_7.09_befor_nj_zte/staging_dir_mips/usr/include -I/home/xwang/smb/share/plat/openwrt/kamikaze_7.09_befor_nj_zte/staging_dir_mips/include -L/home/xwang/smb/share/plat/openwrt/kamikaze_7.09_befor_nj_zte/staging_dir_mips/usr/lib -L/home/xwang/smb/share/plat/openwrt/kamikaze_7.09_befor_nj_zte/staging_dir_mips/lib conftest.c  >&5
/tmp/ccZ1an7R.o: In function `main':
conftest.c:(.text+0x10): undefined reference to `getifaddrs'
/tmp/ccZ1an7R.o:(.data.rel+0x0): undefined reference to `getifaddrs'
collect2: ld returned 1 exit status
configure:4912: $? = 1
configure: failed program was:
| #line 4864 "configure"
| /* confdefs.h.  */
| 
| #define PACKAGE_NAME ""
| #define PACKAGE_TARNAME ""
| #define PACKAGE_VERSION ""
| #define PACKAGE_STRING ""
| #define PACKAGE_BUGREPORT ""
| #define inline inline
| #define HAVE___ATTRIBUTE__ 1
| #define STDC_HEADERS 1
| #define HAVE_SYS_TYPES_H 1
| #define HAVE_SYS_STAT_H 1
| #define HAVE_STDLIB_H 1
| #define HAVE_STRING_H 1
| #define HAVE_MEMORY_H 1
| #define HAVE_STRINGS_H 1
| #define HAVE_INTTYPES_H 1
| #define HAVE_STDINT_H 1
| #define HAVE_UNISTD_H 1
| #define HAVE_LIMITS_H 1
| #define HAVE_NETINET_IF_ETHER_H 1
| #define HAVE_STRERROR 1
| #define HAVE_STRLCPY 1
| #define HAVE_VSNPRINTF 1
| #define HAVE_SNPRINTF 1
| /* end confdefs.h.  */
| /* System header to define __stub macros and hopefully few prototypes,
|     which can conflict with char getifaddrs (); below.
|     Prefer <limits.h> to <assert.h> if __STDC__ is defined, since
|     <limits.h> exists even on freestanding compilers.  */
| #ifdef __STDC__
| # include <limits.h>
| #else
| # include <assert.h>
| #endif
| /* Override any gcc2 internal prototype to avoid an error.  */
| #ifdef __cplusplus
| extern "C"
| {
| #endif
| /* We use char because int might match the return type of a gcc2
|    builtin and then its argument prototype would still apply.  */
| char getifaddrs ();
| /* The GNU C library defines this for functions which it implements
|     to always fail with ENOSYS.  Some functions are actually named
|     something starting with __ and the normal name is an alias.  */
| #if defined (__stub_getifaddrs) || defined (__stub___getifaddrs)
| choke me
| #else
| char (*f) () = getifaddrs;
| #endif
| #ifdef __cplusplus
| }
| #endif
| 
| int
| main ()
| {
| return f != getifaddrs;
|   ;
|   return 0;
| }
configure:4929: result: no
configure:5181: checking if --enable-ipv6 option is specified
configure:5195: result: yes
configure:5198: checking whether to build optimizer debugging code
configure:5212: result: no
configure:5215: checking whether to build parser debugging code
configure:5229: result: no
configure:5410: checking Linux kernel version
configure:5428: result: 2
configure:5440: checking if if_packet.h has tpacket_stats defined
configure:5463: mips-linux-uclibc-gcc -c -Os -pipe -mips32 -mtune=mips32 -funit-at-a-time -I/home/xwang/smb/share/plat/openwrt/kamikaze_7.09_befor_nj_zte/staging_dir_mips/usr/include -I/home/xwang/smb/share/plat/openwrt/kamikaze_7.09_befor_nj_zte/staging_dir_mips/include -I/home/xwang/smb/share/plat/openwrt/kamikaze_7.09_befor_nj_zte/staging_dir_mips/usr/include -I/home/xwang/smb/share/plat/openwrt/kamikaze_7.09_befor_nj_zte/staging_dir_mips/include -I/home/xwang/smb/share/plat/openwrt/kamikaze_7.09_befor_nj_zte/staging_dir_mips/usr/include -I/home/xwang/smb/share/plat/openwrt/kamikaze_7.09_befor_nj_zte/staging_dir_mips/include conftest.c >&5
configure:5466: $? = 0
configure:5469: test -s conftest.o
configure:5472: $? = 0
configure:5484: result: yes
configure:5512: checking whether we have /proc/net/dev
configure:5526: result: yes
configure:5607: checking whether we have DAG API headers
configure:5630: result: no (/usr/local/include)
configure:5886: checking whether we have Septel API
configure:5911: result: no
configure:5954: checking for flex
configure:5970: found /usr/bin/flex
configure:5980: result: flex
configure:5994: checking for flex 2.4 or higher
configure:6006: result: yes
configure:6022: checking for bison
configure:6038: found /usr/bin/bison
configure:6048: result: bison
configure:6207: checking for mips-linux-ranlib
configure:6233: result: mips-linux-uclibc-ranlib
configure:6326: checking if sockaddr struct has sa_len member
configure:6350: mips-linux-uclibc-gcc -c -Os -pipe -mips32 -mtune=mips32 -funit-at-a-time -I/home/xwang/smb/share/plat/openwrt/kamikaze_7.09_befor_nj_zte/staging_dir_mips/usr/include -I/home/xwang/smb/share/plat/openwrt/kamikaze_7.09_befor_nj_zte/staging_dir_mips/include -I/home/xwang/smb/share/plat/openwrt/kamikaze_7.09_befor_nj_zte/staging_dir_mips/usr/include -I/home/xwang/smb/share/plat/openwrt/kamikaze_7.09_befor_nj_zte/staging_dir_mips/include -I/home/xwang/smb/share/plat/openwrt/kamikaze_7.09_befor_nj_zte/staging_dir_mips/usr/include -I/home/xwang/smb/share/plat/openwrt/kamikaze_7.09_befor_nj_zte/staging_dir_mips/include conftest.c >&5
configure: In function 'main':
configure:6366: error: 'struct sockaddr' has no member named 'sa_len'
configure:6353: $? = 1
configure: failed program was:
| #line 6331 "configure"
| /* confdefs.h.  */
| 
| #define PACKAGE_NAME ""
| #define PACKAGE_TARNAME ""
| #define PACKAGE_VERSION ""
| #define PACKAGE_STRING ""
| #define PACKAGE_BUGREPORT ""
| #define inline inline
| #define HAVE___ATTRIBUTE__ 1
| #define STDC_HEADERS 1
| #define HAVE_SYS_TYPES_H 1
| #define HAVE_SYS_STAT_H 1
| #define HAVE_STDLIB_H 1
| #define HAVE_STRING_H 1
| #define HAVE_MEMORY_H 1
| #define HAVE_STRINGS_H 1
| #define HAVE_INTTYPES_H 1
| #define HAVE_STDINT_H 1
| #define HAVE_UNISTD_H 1
| #define HAVE_LIMITS_H 1
| #define HAVE_NETINET_IF_ETHER_H 1
| #define HAVE_STRERROR 1
| #define HAVE_STRLCPY 1
| #define HAVE_VSNPRINTF 1
| #define HAVE_SNPRINTF 1
| #define INET6 1
| #define HAVE_TPACKET_STATS 1
| #define HAVE_PROC_NET_DEV 1
| /* end confdefs.h.  */
| 
| #	include <sys/types.h>
| #	include <sys/socket.h>
| int
| main ()
| {
| u_int i = sizeof(((struct sockaddr *)0)->sa_len)
|   ;
|   return 0;
| }
configure:6371: result: no
configure:6381: checking if sockaddr_storage struct exists
configure:6405: mips-linux-uclibc-gcc -c -Os -pipe -mips32 -mtune=mips32 -funit-at-a-time -I/home/xwang/smb/share/plat/openwrt/kamikaze_7.09_befor_nj_zte/staging_dir_mips/usr/include -I/home/xwang/smb/share/plat/openwrt/kamikaze_7.09_befor_nj_zte/staging_dir_mips/include -I/home/xwang/smb/share/plat/openwrt/kamikaze_7.09_befor_nj_zte/staging_dir_mips/usr/include -I/home/xwang/smb/share/plat/openwrt/kamikaze_7.09_befor_nj_zte/staging_dir_mips/include -I/home/xwang/smb/share/plat/openwrt/kamikaze_7.09_befor_nj_zte/staging_dir_mips/usr/include -I/home/xwang/smb/share/plat/openwrt/kamikaze_7.09_befor_nj_zte/staging_dir_mips/include conftest.c >&5
configure:6408: $? = 0
configure:6411: test -s conftest.o
configure:6414: $? = 0
configure:6426: result: yes
configure:6436: checking if dl_hp_ppa_info_t struct has dl_module_id_1 member
configure:6461: mips-linux-uclibc-gcc -c -Os -pipe -mips32 -mtune=mips32 -funit-at-a-time -I/home/xwang/smb/share/plat/openwrt/kamikaze_7.09_befor_nj_zte/staging_dir_mips/usr/include -I/home/xwang/smb/share/plat/openwrt/kamikaze_7.09_befor_nj_zte/staging_dir_mips/include -I/home/xwang/smb/share/plat/openwrt/kamikaze_7.09_befor_nj_zte/staging_dir_mips/usr/include -I/home/xwang/smb/share/plat/openwrt/kamikaze_7.09_befor_nj_zte/staging_dir_mips/include -I/home/xwang/smb/share/plat/openwrt/kamikaze_7.09_befor_nj_zte/staging_dir_mips/usr/include -I/home/xwang/smb/share/plat/openwrt/kamikaze_7.09_befor_nj_zte/staging_dir_mips/include conftest.c >&5
configure:6473:23: error: sys/dlpi.h: No such file or directory
configure:6474:27: error: sys/dlpi_ext.h: No such file or directory
configure: In function 'main':
configure:6478: error: 'dl_hp_ppa_info_t' undeclared (first use in this function)
configure:6478: error: (Each undeclared identifier is reported only once
configure:6478: error: for each function it appears in.)
configure:6478: error: expected expression before ')' token
configure:6464: $? = 1
configure: failed program was:
| #line 6441 "configure"
| /* confdefs.h.  */
| 
| #define PACKAGE_NAME ""
| #define PACKAGE_TARNAME ""
| #define PACKAGE_VERSION ""
| #define PACKAGE_STRING ""
| #define PACKAGE_BUGREPORT ""
| #define inline inline
| #define HAVE___ATTRIBUTE__ 1
| #define STDC_HEADERS 1
| #define HAVE_SYS_TYPES_H 1
| #define HAVE_SYS_STAT_H 1
| #define HAVE_STDLIB_H 1
| #define HAVE_STRING_H 1
| #define HAVE_MEMORY_H 1
| #define HAVE_STRINGS_H 1
| #define HAVE_INTTYPES_H 1
| #define HAVE_STDINT_H 1
| #define HAVE_UNISTD_H 1
| #define HAVE_LIMITS_H 1
| #define HAVE_NETINET_IF_ETHER_H 1
| #define HAVE_STRERROR 1
| #define HAVE_STRLCPY 1
| #define HAVE_VSNPRINTF 1
| #define HAVE_SNPRINTF 1
| #define INET6 1
| #define HAVE_TPACKET_STATS 1
| #define HAVE_PROC_NET_DEV 1
| #define HAVE_SOCKADDR_STORAGE 1
| /* end confdefs.h.  */
| 
| #	include <sys/types.h>
| #	include <sys/dlpi.h>
| #	include <sys/dlpi_ext.h>
| int
| main ()
| {
| u_int i = sizeof(((dl_hp_ppa_info_t *)0)->dl_module_id_1)
|   ;
|   return 0;
| }
configure:6482: result: no
configure:6492: checking if unaligned accesses fail
configure:6579: result: no
configure:6626: checking for a BSD-compatible install
configure:6680: result: /usr/bin/install -c
configure:6791: creating ./config.status

## ---------------------- ##
## Running config.status. ##
## ---------------------- ##

This file was extended by config.status, which was
generated by GNU Autoconf 2.57.  Invocation command line was

  CONFIG_FILES    = 
  CONFIG_HEADERS  = 
  CONFIG_LINKS    = 
  CONFIG_COMMANDS = 
  $ ./config.status 

on localhost.localdomain

config.status:641: creating Makefile
config.status:745: creating config.h

## ---------------- ##
## Cache variables. ##
## ---------------- ##

ac_cv___attribute__=yes
ac_cv_build=i386-redhat-linux-gnu
ac_cv_build_alias=i386-redhat-linux
ac_cv_c_bigendian=yes
ac_cv_c_compiler_gnu=yes
ac_cv_c_gettext_without_libintl=yes
ac_cv_c_littleendian=no
ac_cv_c_long_double=no
ac_cv_conv_longlong_to_float=yes
ac_cv_env_CC_set=set
ac_cv_env_CC_value=mips-linux-uclibc-gcc
ac_cv_env_CFLAGS_set=set
ac_cv_env_CFLAGS_value='-Os -pipe -mips32 -mtune=mips32 -funit-at-a-time -I/home/xwang/smb/share/plat/openwrt/kamikaze_7.09_befor_nj_zte/staging_dir_mips/usr/include -I/home/xwang/smb/share/plat/openwrt/kamikaze_7.09_befor_nj_zte/staging_dir_mips/include'
ac_cv_env_CPPFLAGS_set=set
ac_cv_env_CPPFLAGS_value='-I/home/xwang/smb/share/plat/openwrt/kamikaze_7.09_befor_nj_zte/staging_dir_mips/usr/include -I/home/xwang/smb/share/plat/openwrt/kamikaze_7.09_befor_nj_zte/staging_dir_mips/include -I/home/xwang/smb/share/plat/openwrt/kamikaze_7.09_befor_nj_zte/staging_dir_mips/usr/include -I/home/xwang/smb/share/plat/openwrt/kamikaze_7.09_befor_nj_zte/staging_dir_mips/include'
ac_cv_env_CPP_set=
ac_cv_env_CPP_value=
ac_cv_env_LDFLAGS_set=set
ac_cv_env_LDFLAGS_value='-L/home/xwang/smb/share/plat/openwrt/kamikaze_7.09_befor_nj_zte/staging_dir_mips/usr/lib -L/home/xwang/smb/share/plat/openwrt/kamikaze_7.09_befor_nj_zte/staging_dir_mips/lib'
ac_cv_env_build_alias_set=set
ac_cv_env_build_alias_value=i386-redhat-linux
ac_cv_env_host_alias_set=set
ac_cv_env_host_alias_value=mips-linux
ac_cv_env_target_alias_set=set
ac_cv_env_target_alias_value=mips-linux
ac_cv_exeext=
ac_cv_func___va_copy=no
ac_cv_func__exit=yes
ac_cv_func_ether_hostton=no
ac_cv_func_fchmod=yes
ac_cv_func_getaddrinfo=yes
ac_cv_func_getcwd=yes
ac_cv_func_getdomainname=yes
ac_cv_func_getifaddrs=no
ac_cv_func_getpgrp_void=yes
ac_cv_func_getpwuid_r=yes
ac_cv_func_lstat=yes
ac_cv_func_lstat_dereferences_slashed_symlink=yes
ac_cv_func_lstat_empty_string_bug=no
ac_cv_func_malloc_0_nonnull=yes
ac_cv_func_malloc_works=yes
ac_cv_func_memcmp_clean=yes
ac_cv_func_memcmp_working=yes
ac_cv_func_posix_getpwuid_r=yes
ac_cv_func_pthread_key_delete=yes
ac_cv_func_realloc_0_nonnull=yes
ac_cv_func_realloc_works=yes
ac_cv_func_rename=yes
ac_cv_func_setlocale=yes
ac_cv_func_setpgrp_void=yes
ac_cv_func_setresuid=no
ac_cv_func_setvbuf_reversed=no
ac_cv_func_snprintf=yes
ac_cv_func_stat_empty_string_bug=no
ac_cv_func_stat_ignores_trailing_slash=no
ac_cv_func_strerror=yes
ac_cv_func_strftime=yes
ac_cv_func_strlcpy=yes
ac_cv_func_utimes=yes
ac_cv_func_va_copy=no
ac_cv_func_vsnprintf=yes
ac_cv_have_accrights_in_msghdr=no
ac_cv_have_broken_snprintf=no
ac_cv_have_control_in_msghdr=yes
ac_cv_have_decl_sys_siglist=no
ac_cv_have_openpty_ctty_bug=yes
ac_cv_have_space_d_name_in_struct_dirent=yes
ac_cv_header_inttypes_h=yes
ac_cv_header_limits_h=yes
ac_cv_header_memory_h=yes
ac_cv_header_netinet_if_ether_h=yes
ac_cv_header_netinet_sctp_h=no
ac_cv_header_netinet_sctp_uio_h=no
ac_cv_header_stdc=yes
ac_cv_header_stdint_h=yes
ac_cv_header_stdlib_h=yes
ac_cv_header_string_h=yes
ac_cv_header_strings_h=yes
ac_cv_header_sys_ioccom_h=no
ac_cv_header_sys_sockio_h=no
ac_cv_header_sys_stat_h=yes
ac_cv_header_sys_types_h=yes
ac_cv_header_unistd_h=yes
ac_cv_host=mips-unknown-linux-gnu
ac_cv_host_alias=mips-linux
ac_cv_int64_t=yes
ac_cv_lbl_dag_api=no
ac_cv_lbl_dl_hp_ppa_info_t_has_dl_module_id_1=no
ac_cv_lbl_flex_v24=yes
ac_cv_lbl_gcc_fixincludes=yes
ac_cv_lbl_gcc_vers=4
ac_cv_lbl_has_sockaddr_storage=yes
ac_cv_lbl_have_u_int16_t=yes
ac_cv_lbl_have_u_int32_t=yes
ac_cv_lbl_have_u_int8_t=yes
ac_cv_lbl_inline=inline
ac_cv_lbl_proc_net_dev=yes
ac_cv_lbl_septel_api=no
ac_cv_lbl_sockaddr_has_sa_len=no
ac_cv_lbl_tpacket_stats=yes
ac_cv_lbl_unaligned_fail=no
ac_cv_linux_kernel_pppoe=yes
ac_cv_linux_vers=2
ac_cv_objext=o
ac_cv_pack_bitfields_reversed=yes
ac_cv_path_LDCONFIG=
ac_cv_path_install='/usr/bin/install -c'
ac_cv_prog_CC=mips-linux-uclibc-gcc
ac_cv_prog_CPP='mips-linux-uclibc-gcc -E'
ac_cv_prog_RANLIB=mips-linux-uclibc-ranlib
ac_cv_prog_V_LEX=flex
ac_cv_prog_V_YACC=bison
ac_cv_prog_cc_g=yes
ac_cv_prog_cc_stdc=
ac_cv_prog_egrep='grep -E'
ac_cv_regexec_segfault_emptystr=no
ac_cv_sctp=no
ac_cv_search_gethostbyname='none required'
ac_cv_search_putmsg=no
ac_cv_search_socket='none required'
ac_cv_sizeof___int64=0
ac_cv_sizeof_char=1
ac_cv_sizeof_int=4
ac_cv_sizeof_int16_t=2
ac_cv_sizeof_int32_t=4
ac_cv_sizeof_int64_t=8
ac_cv_sizeof_long=4
ac_cv_sizeof_long_int=4
ac_cv_sizeof_long_long=8
ac_cv_sizeof_off_t=4
ac_cv_sizeof_short=2
ac_cv_sizeof_short_int=2
ac_cv_sizeof_size_t=4
ac_cv_sizeof_u_int16_t=2
ac_cv_sizeof_u_int32_t=4
ac_cv_sizeof_u_int64_t=8
ac_cv_sizeof_uint16_t=2
ac_cv_sizeof_uint32_t=4
ac_cv_sizeof_uint64_t=8
ac_cv_sizeof_unsigned_int=4
ac_cv_sizeof_unsigned_long=4
ac_cv_sizeof_unsigned_short=2
ac_cv_sizeof_void_p=4
ac_cv_sys_restartable_syscalls=yes
ac_cv_target=mips-unknown-linux-gnu
ac_cv_target_alias=mips-linux
ac_cv_time_r_type=POSIX
ac_cv_type_suseconds_t=yes
ac_cv_uchar=no
ac_cv_uint=yes
ac_cv_uint64_t=yes
ac_cv_ulong=yes
ac_cv_ushort=yes
ac_cv_va_copy=no
ac_cv_va_val_copy=yes

## ----------------- ##
## Output variables. ##
## ----------------- ##

CC='mips-linux-uclibc-gcc'
CFLAGS='-Os -pipe -mips32 -mtune=mips32 -funit-at-a-time -I/home/xwang/smb/share/plat/openwrt/kamikaze_7.09_befor_nj_zte/staging_dir_mips/usr/include -I/home/xwang/smb/share/plat/openwrt/kamikaze_7.09_befor_nj_zte/staging_dir_mips/include'
CPP='mips-linux-uclibc-gcc -E'
CPPFLAGS='-I/home/xwang/smb/share/plat/openwrt/kamikaze_7.09_befor_nj_zte/staging_dir_mips/usr/include -I/home/xwang/smb/share/plat/openwrt/kamikaze_7.09_befor_nj_zte/staging_dir_mips/include -I/home/xwang/smb/share/plat/openwrt/kamikaze_7.09_befor_nj_zte/staging_dir_mips/usr/include -I/home/xwang/smb/share/plat/openwrt/kamikaze_7.09_befor_nj_zte/staging_dir_mips/include'
DEFS='-DHAVE_CONFIG_H'
DYEXT='so'
ECHO_C=''
ECHO_N='-n'
ECHO_T=''
EGREP='grep -E'
EXEEXT=''
INSTALL_DATA='${INSTALL} -m 644'
INSTALL_PROGRAM='${INSTALL}'
INSTALL_SCRIPT='${INSTALL}'
LDFLAGS='-L/home/xwang/smb/share/plat/openwrt/kamikaze_7.09_befor_nj_zte/staging_dir_mips/usr/lib -L/home/xwang/smb/share/plat/openwrt/kamikaze_7.09_befor_nj_zte/staging_dir_mips/lib'
LIBOBJS=''
LIBS=''
LTLIBOBJS=''
OBJEXT='o'
PACKAGE_BUGREPORT=''
PACKAGE_NAME=''
PACKAGE_STRING=''
PACKAGE_TARNAME=''
PACKAGE_VERSION=''
PATH_SEPARATOR=':'
RANLIB='mips-linux-uclibc-ranlib'
SHELL='/bin/sh'
SHLICC2=''
SSRC=''
V_CCOPT='-O2 -Os -pipe -mips32 -mtune=mips32 -funit-at-a-time -I/home/xwang/smb/share/plat/openwrt/kamikaze_7.09_befor_nj_zte/staging_dir_mips/usr/include -I/home/xwang/smb/share/plat/openwrt/kamikaze_7.09_befor_nj_zte/staging_dir_mips/include'
V_DEFS=' -D_U_="__attribute__((unused))"'
V_FINDALLDEVS='gifc'
V_INCLS=''
V_LEX='flex -Ppcap_'
V_LIBS=''
V_PCAP='linux'
V_RANLIB=''
V_YACC='bison -y -p pcap_'
ac_ct_CC=''
ac_ct_RANLIB=''
bindir='/usr/bin'
build='i386-redhat-linux-gnu'
build_alias='i386-redhat-linux'
build_cpu='i386'
build_os='linux-gnu'
build_vendor='redhat'
datadir='/usr/share'
exec_prefix='/usr'
host='mips-unknown-linux-gnu'
host_alias='mips-linux'
host_cpu='mips'
host_os='linux-gnu'
host_vendor='unknown'
includedir='${prefix}/include'
infodir='/usr/info'
libdir='${exec_prefix}/lib'
libexecdir='/usr/lib'
localstatedir='/var'
mandir='/usr/man'
oldincludedir='/usr/include'
prefix='/usr'
program_transform_name='s,x,x,'
sbindir='/usr/sbin'
sharedstatedir='${prefix}/com'
sysconfdir='/etc'
target='mips-unknown-linux-gnu'
target_alias='mips-linux'
target_cpu='mips'
target_os='linux-gnu'
target_vendor='unknown'

## ----------- ##
## confdefs.h. ##
## ----------- ##

#define HAVE_INTTYPES_H 1
#define HAVE_LIMITS_H 1
#define HAVE_MEMORY_H 1
#define HAVE_NETINET_IF_ETHER_H 1
#define HAVE_PROC_NET_DEV 1
#define HAVE_SNPRINTF 1
#define HAVE_SOCKADDR_STORAGE 1
#define HAVE_STDINT_H 1
#define HAVE_STDLIB_H 1
#define HAVE_STRERROR 1
#define HAVE_STRINGS_H 1
#define HAVE_STRING_H 1
#define HAVE_STRLCPY 1
#define HAVE_SYS_STAT_H 1
#define HAVE_SYS_TYPES_H 1
#define HAVE_TPACKET_STATS 1
#define HAVE_UNISTD_H 1
#define HAVE_VERSION_H 1
#define HAVE_VSNPRINTF 1
#define HAVE___ATTRIBUTE__ 1
#define INET6 1
#define PACKAGE_BUGREPORT ""
#define PACKAGE_NAME ""
#define PACKAGE_STRING ""
#define PACKAGE_TARNAME ""
#define PACKAGE_VERSION ""
#define STDC_HEADERS 1
#define inline inline

configure: exit 0
